[debug] [2018-03-18T12:52:27.974Z] ----------------------------------------------------------------------
[debug] [2018-03-18T12:52:27.976Z] Command:       /usr/local/bin/node /usr/local/bin/firebase deploy
[debug] [2018-03-18T12:52:27.977Z] CLI Version:   3.17.6
[debug] [2018-03-18T12:52:27.977Z] Platform:      darwin
[debug] [2018-03-18T12:52:27.977Z] Node Version:  v6.8.1
[debug] [2018-03-18T12:52:27.977Z] Time:          Sun Mar 18 2018 19:52:27 GMT+0700 (+07)
[debug] [2018-03-18T12:52:27.977Z] ----------------------------------------------------------------------
[debug] 
[debug] [2018-03-18T12:52:27.992Z] > command requires scopes: ["email","openid","https://www.googleapis.com/auth/cloudplatformprojects.readonly","https://www.googleapis.com/auth/firebase","https://www.googleapis.com/auth/cloud-platform"]
[debug] [2018-03-18T12:52:27.992Z] > authorizing via signed-in user
[debug] [2018-03-18T12:52:27.995Z] > refreshing access token with scopes: ["email","https://www.googleapis.com/auth/cloud-platform","https://www.googleapis.com/auth/cloudplatformprojects.readonly","https://www.googleapis.com/auth/firebase","openid"]
[debug] [2018-03-18T12:52:27.996Z] >>> HTTP REQUEST POST https://www.googleapis.com/oauth2/v3/token  
 { refresh_token: '1/jsuwuDOG1BYTs8lWuSP5gssZus1U55aykoka8X-jdSY',
  client_id: '563584335869-fgrhgmd47bqnekij5i8b5pr03ho849e6.apps.googleusercontent.com',
  client_secret: 'j9iVZfS8kkCEFUPaAeJV0sAi',
  grant_type: 'refresh_token',
  scope: 'email https://www.googleapis.com/auth/cloud-platform https://www.googleapis.com/auth/cloudplatformprojects.readonly https://www.googleapis.com/auth/firebase openid' } 
 Sun Mar 18 2018 19:52:27 GMT+0700 (+07)
[debug] [2018-03-18T12:52:28.323Z] <<< HTTP RESPONSE 200
[debug] [2018-03-18T12:52:28.326Z] >>> HTTP REQUEST GET https://admin.firebase.com/v1/projects/omagma-abe44  
  
 Sun Mar 18 2018 19:52:28 GMT+0700 (+07)
[debug] [2018-03-18T12:52:29.714Z] <<< HTTP RESPONSE 200
[debug] [2018-03-18T12:52:29.715Z] >>> HTTP REQUEST GET https://admin.firebase.com/v1/database/omagma-abe44/tokens  
  
 Sun Mar 18 2018 19:52:29 GMT+0700 (+07)
[debug] [2018-03-18T12:52:31.208Z] <<< HTTP RESPONSE 200
[info] 
[info] === Deploying to 'omagma-abe44'...
[info] 
[info] i  deploying database, functions, hosting
[info] i  database: checking rules syntax...
[debug] [2018-03-18T12:52:33.331Z] >>> HTTP REQUEST PUT https://omagma-abe44.firebaseio.com/.settings/rules.json?dryRun=true  
 {
  "rules": {
    ".read": "auth != null",
    ".write": "auth != null"
  }
}
 
 Sun Mar 18 2018 19:52:33 GMT+0700 (+07)
[debug] [2018-03-18T12:52:35.199Z] <<< HTTP RESPONSE 200
[info] ✔  database: rules syntax for database omagma-abe44 is valid
[debug] [2018-03-18T12:52:35.203Z] > [functions] package.json contents: {
  "name": "functions",
  "description": "Cloud Functions for Firebase",
  "scripts": {
    "serve": "firebase serve --only functions",
    "shell": "firebase experimental:functions:shell",
    "start": "npm run shell",
    "deploy": "firebase deploy --only functions",
    "logs": "firebase functions:log"
  },
  "dependencies": {
    "firebase-admin": "^5.11.0",
    "firebase-functions": "^0.8.2"
  },
  "private": true
}
[info] i  functions: ensuring necessary APIs are enabled...
[debug] [2018-03-18T12:52:35.205Z] >>> HTTP REQUEST GET https://servicemanagement.googleapis.com/v1/services/cloudfunctions.googleapis.com/projectSettings/omagma-abe44?view=CONSUMER_VIEW  
  
 Sun Mar 18 2018 19:52:35 GMT+0700 (+07)
[debug] [2018-03-18T12:52:35.206Z] >>> HTTP REQUEST GET https://servicemanagement.googleapis.com/v1/services/runtimeconfig.googleapis.com/projectSettings/omagma-abe44?view=CONSUMER_VIEW  
  
 Sun Mar 18 2018 19:52:35 GMT+0700 (+07)
[debug] [2018-03-18T12:52:37.355Z] <<< HTTP RESPONSE 200
[debug] [2018-03-18T12:52:37.408Z] <<< HTTP RESPONSE 200
[info] ✔  functions: all necessary APIs are enabled
[debug] [2018-03-18T12:52:37.409Z] >>> HTTP REQUEST GET https://cloudresourcemanager.googleapis.com/v1/projects/omagma-abe44  
  
 Sun Mar 18 2018 19:52:37 GMT+0700 (+07)
[debug] [2018-03-18T12:52:39.194Z] <<< HTTP RESPONSE 200
[debug] [2018-03-18T12:52:39.194Z] >>> HTTP REQUEST GET https://mobilesdk-pa.googleapis.com/v1/projects/151045131643:getServerAppConfig  
  
 Sun Mar 18 2018 19:52:39 GMT+0700 (+07)
